<?xml version="1.0" encoding="UTF-8"?>
<testsuite xmlns:xsi="http://www.w3.org/2001/XMLSchema-instance" xsi:noNamespaceSchemaLocation="https://maven.apache.org/surefire/maven-surefire-plugin/xsd/surefire-test-report-3.0.xsd" version="3.0" name="RunCucumberTest" time="124.081" tests="0" errors="0" skipped="0" failures="0">
  <properties>
    <property name="sun.desktop" value="windows"/>
    <property name="awt.toolkit" value="sun.awt.windows.WToolkit"/>
    <property name="file.encoding.pkg" value="sun.io"/>
    <property name="java.specification.version" value="1.8"/>
    <property name="webdriver.chrome.driver" value="C:\Users\ba20173416\.m2\repository\webdriver\chromedriver\win32\87.0.4280.88\chromedriver.exe"/>
    <property name="sun.cpu.isalist" value=""/>
    <property name="sun.jnu.encoding" value="Cp1252"/>
    <property name="java.class.path" value="C:\Users\ba20173416\IdeaProjects\RagavPal\RagavPal\target\test-classes;C:\Users\ba20173416\IdeaProjects\RagavPal\RagavPal\target\classes;C:\Users\ba20173416\.m2\repository\io\cucumber\cucumber-java\6.7.0\cucumber-java-6.7.0.jar;C:\Users\ba20173416\.m2\repository\io\cucumber\cucumber-core\6.7.0\cucumber-core-6.7.0.jar;C:\Users\ba20173416\.m2\repository\io\cucumber\cucumber-gherkin\6.7.0\cucumber-gherkin-6.7.0.jar;C:\Users\ba20173416\.m2\repository\io\cucumber\cucumber-gherkin-messages\6.7.0\cucumber-gherkin-messages-6.7.0.jar;C:\Users\ba20173416\.m2\repository\io\cucumber\messages\13.0.1\messages-13.0.1.jar;C:\Users\ba20173416\.m2\repository\io\cucumber\tag-expressions\3.0.0\tag-expressions-3.0.0.jar;C:\Users\ba20173416\.m2\repository\io\cucumber\cucumber-expressions\10.3.0\cucumber-expressions-10.3.0.jar;C:\Users\ba20173416\.m2\repository\io\cucumber\datatable\3.4.0\datatable-3.4.0.jar;C:\Users\ba20173416\.m2\repository\io\cucumber\cucumber-plugin\6.7.0\cucumber-plugin-6.7.0.jar;C:\Users\ba20173416\.m2\repository\io\cucumber\docstring\6.7.0\docstring-6.7.0.jar;C:\Users\ba20173416\.m2\repository\io\cucumber\html-formatter\9.0.0\html-formatter-9.0.0.jar;C:\Users\ba20173416\.m2\repository\io\cucumber\create-meta\2.0.2\create-meta-2.0.2.jar;C:\Users\ba20173416\.m2\repository\org\apiguardian\apiguardian-api\1.1.0\apiguardian-api-1.1.0.jar;C:\Users\ba20173416\.m2\repository\org\seleniumhq\selenium\selenium-java\3.141.59\selenium-java-3.141.59.jar;C:\Users\ba20173416\.m2\repository\org\seleniumhq\selenium\selenium-api\3.141.59\selenium-api-3.141.59.jar;C:\Users\ba20173416\.m2\repository\org\seleniumhq\selenium\selenium-chrome-driver\3.141.59\selenium-chrome-driver-3.141.59.jar;C:\Users\ba20173416\.m2\repository\org\seleniumhq\selenium\selenium-edge-driver\3.141.59\selenium-edge-driver-3.141.59.jar;C:\Users\ba20173416\.m2\repository\org\seleniumhq\selenium\selenium-firefox-driver\3.141.59\selenium-firefox-driver-3.141.59.jar;C:\Users\ba20173416\.m2\repository\org\seleniumhq\selenium\selenium-ie-driver\3.141.59\selenium-ie-driver-3.141.59.jar;C:\Users\ba20173416\.m2\repository\org\seleniumhq\selenium\selenium-opera-driver\3.141.59\selenium-opera-driver-3.141.59.jar;C:\Users\ba20173416\.m2\repository\org\seleniumhq\selenium\selenium-remote-driver\3.141.59\selenium-remote-driver-3.141.59.jar;C:\Users\ba20173416\.m2\repository\org\seleniumhq\selenium\selenium-safari-driver\3.141.59\selenium-safari-driver-3.141.59.jar;C:\Users\ba20173416\.m2\repository\org\seleniumhq\selenium\selenium-support\3.141.59\selenium-support-3.141.59.jar;C:\Users\ba20173416\.m2\repository\net\bytebuddy\byte-buddy\1.8.15\byte-buddy-1.8.15.jar;C:\Users\ba20173416\.m2\repository\org\apache\commons\commons-exec\1.3\commons-exec-1.3.jar;C:\Users\ba20173416\.m2\repository\com\google\guava\guava\25.0-jre\guava-25.0-jre.jar;C:\Users\ba20173416\.m2\repository\com\google\code\findbugs\jsr305\1.3.9\jsr305-1.3.9.jar;C:\Users\ba20173416\.m2\repository\org\checkerframework\checker-compat-qual\2.0.0\checker-compat-qual-2.0.0.jar;C:\Users\ba20173416\.m2\repository\com\google\errorprone\error_prone_annotations\2.1.3\error_prone_annotations-2.1.3.jar;C:\Users\ba20173416\.m2\repository\com\google\j2objc\j2objc-annotations\1.1\j2objc-annotations-1.1.jar;C:\Users\ba20173416\.m2\repository\org\codehaus\mojo\animal-sniffer-annotations\1.14\animal-sniffer-annotations-1.14.jar;C:\Users\ba20173416\.m2\repository\com\squareup\okhttp3\okhttp\3.11.0\okhttp-3.11.0.jar;C:\Users\ba20173416\.m2\repository\com\squareup\okio\okio\1.14.0\okio-1.14.0.jar;C:\Users\ba20173416\.m2\repository\io\github\bonigarcia\webdrivermanager\3.5.0\webdrivermanager-3.5.0.jar;C:\Users\ba20173416\.m2\repository\org\slf4j\slf4j-api\1.7.25\slf4j-api-1.7.25.jar;C:\Users\ba20173416\.m2\repository\commons-io\commons-io\2.6\commons-io-2.6.jar;C:\Users\ba20173416\.m2\repository\com\google\code\gson\gson\2.8.5\gson-2.8.5.jar;C:\Users\ba20173416\.m2\repository\org\apache\commons\commons-lang3\3.8.1\commons-lang3-3.8.1.jar;C:\Users\ba20173416\.m2\repository\org\apache\httpcomponents\httpclient\4.5.6\httpclient-4.5.6.jar;C:\Users\ba20173416\.m2\repository\org\apache\httpcomponents\httpcore\4.4.10\httpcore-4.4.10.jar;C:\Users\ba20173416\.m2\repository\commons-logging\commons-logging\1.2\commons-logging-1.2.jar;C:\Users\ba20173416\.m2\repository\commons-codec\commons-codec\1.10\commons-codec-1.10.jar;C:\Users\ba20173416\.m2\repository\org\rauschig\jarchivelib\1.0.0\jarchivelib-1.0.0.jar;C:\Users\ba20173416\.m2\repository\org\apache\commons\commons-compress\1.18\commons-compress-1.18.jar;C:\Users\ba20173416\.m2\repository\org\jsoup\jsoup\1.11.3\jsoup-1.11.3.jar;C:\Users\ba20173416\.m2\repository\org\testng\testng\6.14.3\testng-6.14.3.jar;C:\Users\ba20173416\.m2\repository\com\beust\jcommander\1.72\jcommander-1.72.jar;C:\Users\ba20173416\.m2\repository\org\apache-extras\beanshell\bsh\2.0b6\bsh-2.0b6.jar;C:\Users\ba20173416\.m2\repository\junit\junit\4.12\junit-4.12.jar;C:\Users\ba20173416\.m2\repository\org\hamcrest\hamcrest-core\1.3\hamcrest-core-1.3.jar;C:\Users\ba20173416\.m2\repository\io\cucumber\cucumber-junit\6.7.0\cucumber-junit-6.7.0.jar;"/>
    <property name="java.vm.vendor" value="Oracle Corporation"/>
    <property name="sun.arch.data.model" value="32"/>
    <property name="user.variant" value=""/>
    <property name="java.vendor.url" value="http://java.oracle.com/"/>
    <property name="user.timezone" value="Asia/Colombo"/>
    <property name="java.vm.specification.version" value="1.8"/>
    <property name="os.name" value="Windows 8.1"/>
    <property name="user.country" value="US"/>
    <property name="sun.java.launcher" value="SUN_STANDARD"/>
    <property name="sun.boot.library.path" value="D:\Balaji\Java8\jre\bin"/>
    <property name="sun.java.command" value="C:\Users\ba20173416\AppData\Local\Temp\surefire6901495555623474763\surefirebooter1211270514027946693.jar C:\Users\ba20173416\AppData\Local\Temp\surefire6901495555623474763 2020-12-09T20-14-45_079-jvmRun1 surefire6511734961662653523tmp surefire_07781916436449246569tmp"/>
    <property name="surefire.test.class.path" value="C:\Users\ba20173416\IdeaProjects\RagavPal\RagavPal\target\test-classes;C:\Users\ba20173416\IdeaProjects\RagavPal\RagavPal\target\classes;C:\Users\ba20173416\.m2\repository\io\cucumber\cucumber-java\6.7.0\cucumber-java-6.7.0.jar;C:\Users\ba20173416\.m2\repository\io\cucumber\cucumber-core\6.7.0\cucumber-core-6.7.0.jar;C:\Users\ba20173416\.m2\repository\io\cucumber\cucumber-gherkin\6.7.0\cucumber-gherkin-6.7.0.jar;C:\Users\ba20173416\.m2\repository\io\cucumber\cucumber-gherkin-messages\6.7.0\cucumber-gherkin-messages-6.7.0.jar;C:\Users\ba20173416\.m2\repository\io\cucumber\messages\13.0.1\messages-13.0.1.jar;C:\Users\ba20173416\.m2\repository\io\cucumber\tag-expressions\3.0.0\tag-expressions-3.0.0.jar;C:\Users\ba20173416\.m2\repository\io\cucumber\cucumber-expressions\10.3.0\cucumber-expressions-10.3.0.jar;C:\Users\ba20173416\.m2\repository\io\cucumber\datatable\3.4.0\datatable-3.4.0.jar;C:\Users\ba20173416\.m2\repository\io\cucumber\cucumber-plugin\6.7.0\cucumber-plugin-6.7.0.jar;C:\Users\ba20173416\.m2\repository\io\cucumber\docstring\6.7.0\docstring-6.7.0.jar;C:\Users\ba20173416\.m2\repository\io\cucumber\html-formatter\9.0.0\html-formatter-9.0.0.jar;C:\Users\ba20173416\.m2\repository\io\cucumber\create-meta\2.0.2\create-meta-2.0.2.jar;C:\Users\ba20173416\.m2\repository\org\apiguardian\apiguardian-api\1.1.0\apiguardian-api-1.1.0.jar;C:\Users\ba20173416\.m2\repository\org\seleniumhq\selenium\selenium-java\3.141.59\selenium-java-3.141.59.jar;C:\Users\ba20173416\.m2\repository\org\seleniumhq\selenium\selenium-api\3.141.59\selenium-api-3.141.59.jar;C:\Users\ba20173416\.m2\repository\org\seleniumhq\selenium\selenium-chrome-driver\3.141.59\selenium-chrome-driver-3.141.59.jar;C:\Users\ba20173416\.m2\repository\org\seleniumhq\selenium\selenium-edge-driver\3.141.59\selenium-edge-driver-3.141.59.jar;C:\Users\ba20173416\.m2\repository\org\seleniumhq\selenium\selenium-firefox-driver\3.141.59\selenium-firefox-driver-3.141.59.jar;C:\Users\ba20173416\.m2\repository\org\seleniumhq\selenium\selenium-ie-driver\3.141.59\selenium-ie-driver-3.141.59.jar;C:\Users\ba20173416\.m2\repository\org\seleniumhq\selenium\selenium-opera-driver\3.141.59\selenium-opera-driver-3.141.59.jar;C:\Users\ba20173416\.m2\repository\org\seleniumhq\selenium\selenium-remote-driver\3.141.59\selenium-remote-driver-3.141.59.jar;C:\Users\ba20173416\.m2\repository\org\seleniumhq\selenium\selenium-safari-driver\3.141.59\selenium-safari-driver-3.141.59.jar;C:\Users\ba20173416\.m2\repository\org\seleniumhq\selenium\selenium-support\3.141.59\selenium-support-3.141.59.jar;C:\Users\ba20173416\.m2\repository\net\bytebuddy\byte-buddy\1.8.15\byte-buddy-1.8.15.jar;C:\Users\ba20173416\.m2\repository\org\apache\commons\commons-exec\1.3\commons-exec-1.3.jar;C:\Users\ba20173416\.m2\repository\com\google\guava\guava\25.0-jre\guava-25.0-jre.jar;C:\Users\ba20173416\.m2\repository\com\google\code\findbugs\jsr305\1.3.9\jsr305-1.3.9.jar;C:\Users\ba20173416\.m2\repository\org\checkerframework\checker-compat-qual\2.0.0\checker-compat-qual-2.0.0.jar;C:\Users\ba20173416\.m2\repository\com\google\errorprone\error_prone_annotations\2.1.3\error_prone_annotations-2.1.3.jar;C:\Users\ba20173416\.m2\repository\com\google\j2objc\j2objc-annotations\1.1\j2objc-annotations-1.1.jar;C:\Users\ba20173416\.m2\repository\org\codehaus\mojo\animal-sniffer-annotations\1.14\animal-sniffer-annotations-1.14.jar;C:\Users\ba20173416\.m2\repository\com\squareup\okhttp3\okhttp\3.11.0\okhttp-3.11.0.jar;C:\Users\ba20173416\.m2\repository\com\squareup\okio\okio\1.14.0\okio-1.14.0.jar;C:\Users\ba20173416\.m2\repository\io\github\bonigarcia\webdrivermanager\3.5.0\webdrivermanager-3.5.0.jar;C:\Users\ba20173416\.m2\repository\org\slf4j\slf4j-api\1.7.25\slf4j-api-1.7.25.jar;C:\Users\ba20173416\.m2\repository\commons-io\commons-io\2.6\commons-io-2.6.jar;C:\Users\ba20173416\.m2\repository\com\google\code\gson\gson\2.8.5\gson-2.8.5.jar;C:\Users\ba20173416\.m2\repository\org\apache\commons\commons-lang3\3.8.1\commons-lang3-3.8.1.jar;C:\Users\ba20173416\.m2\repository\org\apache\httpcomponents\httpclient\4.5.6\httpclient-4.5.6.jar;C:\Users\ba20173416\.m2\repository\org\apache\httpcomponents\httpcore\4.4.10\httpcore-4.4.10.jar;C:\Users\ba20173416\.m2\repository\commons-logging\commons-logging\1.2\commons-logging-1.2.jar;C:\Users\ba20173416\.m2\repository\commons-codec\commons-codec\1.10\commons-codec-1.10.jar;C:\Users\ba20173416\.m2\repository\org\rauschig\jarchivelib\1.0.0\jarchivelib-1.0.0.jar;C:\Users\ba20173416\.m2\repository\org\apache\commons\commons-compress\1.18\commons-compress-1.18.jar;C:\Users\ba20173416\.m2\repository\org\jsoup\jsoup\1.11.3\jsoup-1.11.3.jar;C:\Users\ba20173416\.m2\repository\org\testng\testng\6.14.3\testng-6.14.3.jar;C:\Users\ba20173416\.m2\repository\com\beust\jcommander\1.72\jcommander-1.72.jar;C:\Users\ba20173416\.m2\repository\org\apache-extras\beanshell\bsh\2.0b6\bsh-2.0b6.jar;C:\Users\ba20173416\.m2\repository\junit\junit\4.12\junit-4.12.jar;C:\Users\ba20173416\.m2\repository\org\hamcrest\hamcrest-core\1.3\hamcrest-core-1.3.jar;C:\Users\ba20173416\.m2\repository\io\cucumber\cucumber-junit\6.7.0\cucumber-junit-6.7.0.jar;"/>
    <property name="sun.cpu.endian" value="little"/>
    <property name="user.home" value="C:\Users\ba20173416"/>
    <property name="user.language" value="en"/>
    <property name="java.specification.vendor" value="Oracle Corporation"/>
    <property name="java.home" value="D:\Balaji\Java8\jre"/>
    <property name="basedir" value="C:\Users\ba20173416\IdeaProjects\RagavPal\RagavPal"/>
    <property name="file.separator" value="\"/>
    <property name="line.separator" value="&#10;"/>
    <property name="java.vm.specification.vendor" value="Oracle Corporation"/>
    <property name="java.specification.name" value="Java Platform API Specification"/>
    <property name="java.awt.graphicsenv" value="sun.awt.Win32GraphicsEnvironment"/>
    <property name="surefire.real.class.path" value="C:\Users\ba20173416\AppData\Local\Temp\surefire6901495555623474763\surefirebooter1211270514027946693.jar"/>
    <property name="sun.boot.class.path" value="D:\Balaji\Java8\jre\lib\resources.jar;D:\Balaji\Java8\jre\lib\rt.jar;D:\Balaji\Java8\jre\lib\sunrsasign.jar;D:\Balaji\Java8\jre\lib\jsse.jar;D:\Balaji\Java8\jre\lib\jce.jar;D:\Balaji\Java8\jre\lib\charsets.jar;D:\Balaji\Java8\jre\lib\jfr.jar;D:\Balaji\Java8\jre\classes"/>
    <property name="user.script" value=""/>
    <property name="sun.management.compiler" value="HotSpot Client Compiler"/>
    <property name="java.runtime.version" value="1.8.0_41-b04"/>
    <property name="webdriver.edge.driver" value="C:\Users\ba20173416\.m2\repository\webdriver\edgedriver\win64\x64\87.0.664.55\msedgedriver.exe"/>
    <property name="user.name" value="BA20173416"/>
    <property name="path.separator" value=";"/>
    <property name="os.version" value="6.3"/>
    <property name="java.endorsed.dirs" value="D:\Balaji\Java8\jre\lib\endorsed"/>
    <property name="java.runtime.name" value="OpenJDK Runtime Environment"/>
    <property name="file.encoding" value="Cp1252"/>
    <property name="java.vm.name" value="OpenJDK Client VM"/>
    <property name="localRepository" value="C:\Users\ba20173416\.m2\repository"/>
    <property name="cucmber.options" value="-p html:target/htmlreports"/>
    <property name="java.vendor.url.bug" value="http://bugreport.sun.com/bugreport/"/>
    <property name="java.io.tmpdir" value="C:\Users\ba20173416\AppData\Local\Temp\"/>
    <property name="java.version" value="1.8.0_41"/>
    <property name="user.dir" value="C:\Users\ba20173416\IdeaProjects\RagavPal\RagavPal"/>
    <property name="os.arch" value="x86"/>
    <property name="java.vm.specification.name" value="Java Virtual Machine Specification"/>
    <property name="java.awt.printerjob" value="sun.awt.windows.WPrinterJob"/>
    <property name="sun.os.patch.level" value=""/>
    <property name="java.library.path" value="D:\Balaji\Java8\jre\bin;C:\windows\Sun\Java\bin;C:\windows\system32;C:\windows;C:\Program Files (x86)\RSA SecurID Token Common;C:\windows\system32;C:\windows;C:\windows\System32\Wbem;C:\windows\System32\WindowsPowerShell\v1.0\;C:\windows\System32\OpenSSH\;C:\Program Files (x86)\Pulse Secure\VC142.CRT\X64\;C:\Program Files (x86)\Pulse Secure\VC142.CRT\X86\;C:\Users\ba20173416\AppData\Local\Microsoft\WindowsApps;D:\Balaji\Java8\bin;D:\Balaji\Java8\jre\bin;C:\Users\ba20173416\AppData\Local\Programs\Git\cmd;D:\Balaji\apache-tomcat\apache-tomcat-8.5.60\bin;D:\Balaji\apache-maven-3.6.3-bin\apache-maven-3.6.3\bin;;."/>
    <property name="java.vm.info" value="mixed mode"/>
    <property name="java.vendor" value="Oracle Corporation"/>
    <property name="java.vm.version" value="25.40-b25"/>
    <property name="java.ext.dirs" value="D:\Balaji\Java8\jre\lib\ext;C:\windows\Sun\Java\lib\ext"/>
    <property name="sun.io.unicode.encoding" value="UnicodeLittle"/>
    <property name="java.class.version" value="52.0"/>
  </properties>
</testsuite>